**************** checkbib.log before trimming ****************

Result of checking zref.bib

===> Non-ASCII characters:


--------------------------------------------------

===> Capital letters that need to be protected by curly braces:


--------------------------------------------------

===> Message from python /home/zaikunzhang/local/textools/python/biblatex_check.py:

--------------------------------------------------

===> Message from biber:


***************** checkbib.log after trimming ****************

Result of checking zref.bib

===> Non-ASCII characters:


--------------------------------------------------

===> Capital letters that need to be protected by curly braces:


--------------------------------------------------

===> Message from python /home/zaikunzhang/local/textools/python/biblatex_check.py:

--------------------------------------------------

===> Message from biber:


******** Difference between the trimmed bib and the original one ********

2671d2670
< 

If the original bib file is different from the trimmed one, its backup can be found at
./backup//%home%zaikunzhang%local%textools%zref.bib-2021.03.26-10.23.16
